Performing C SOURCE FILE Test _GLFW_HAS_64ASLR failed with the following output:
Change Dir: E:/Engine/cmake-build-debug/CMakeFiles/CMakeTmp

Run Build Command:"C:/PROGRA~2/MINGW-~1/I686-7~1.0-P/mingw32/bin/mingw32-make.exe" "cmTC_904f1/fast"
C:/PROGRA~2/MINGW-~1/I686-7~1.0-P/mingw32/bin/mingw32-make.exe -f CMakeFiles\cmTC_904f1.dir\build.make CMakeFiles/cmTC_904f1.dir/build
mingw32-make.exe[1]: Entering directory 'E:/Engine/cmake-build-debug/CMakeFiles/CMakeTmp'
Building C object CMakeFiles/cmTC_904f1.dir/src.c.obj
C:\PROGRA~2\MINGW-~1\I686-7~1.0-P\mingw32\bin\gcc.exe   -D_GLFW_HAS_64ASLR -Wl,--high-entropy-va   -o CMakeFiles\cmTC_904f1.dir\src.c.obj   -c E:\Engine\cmake-build-debug\CMakeFiles\CMakeTmp\src.c
Linking C executable cmTC_904f1.exe
"C:\Program Files\JetBrains\CLion 2018.1.2\bin\cmake\bin\cmake.exe" -E cmake_link_script CMakeFiles\cmTC_904f1.dir\link.txt --verbose=1
"C:\Program Files\JetBrains\CLion 2018.1.2\bin\cmake\bin\cmake.exe" -E remove -f CMakeFiles\cmTC_904f1.dir/objects.a
C:\PROGRA~2\MINGW-~1\I686-7~1.0-P\mingw32\bin\ar.exe cr CMakeFiles\cmTC_904f1.dir/objects.a @CMakeFiles\cmTC_904f1.dir\objects1.rsp
C:\PROGRA~2\MINGW-~1\I686-7~1.0-P\mingw32\bin\gcc.exe  -D_GLFW_HAS_64ASLR -Wl,--high-entropy-va    -Wl,--whole-archive CMakeFiles\cmTC_904f1.dir/objects.a -Wl,--no-whole-archive  -o cmTC_904f1.exe -Wl,--out-implib,libcmTC_904f1.dll.a -Wl,--major-image-version,0,--minor-image-version,0 @CMakeFiles\cmTC_904f1.dir\linklibs.rsp
C:/PROGRA~2/MINGW-~1/I686-7~1.0-P/mingw32/bin/../lib/gcc/i686-w64-mingw32/7.2.0/../../../../i686-w64-mingw32/bin/ld.exe: unrecognized option '--high-entropy-va'
C:/PROGRA~2/MINGW-~1/I686-7~1.0-P/mingw32/bin/../lib/gcc/i686-w64-mingw32/7.2.0/../../../../i686-w64-mingw32/bin/ld.exe: use the --help option for usage information
collect2.exe: error: ld returned 1 exit status
mingw32-make.exe[1]: *** [CMakeFiles\cmTC_904f1.dir\build.make:99: cmTC_904f1.exe] Error 1
mingw32-make.exe[1]: Leaving directory 'E:/Engine/cmake-build-debug/CMakeFiles/CMakeTmp'
mingw32-make.exe: *** [Makefile:125: cmTC_904f1/fast] Error 2

Source file was:
int main(void) { return 0; }
